2023-08-05 13:51:44.608 | INFO | run step begin: /v3/api/user/phone_login >>>>>>
2023-08-05 13:51:44.609 | DEBUG | ====== request details ======
url: https://api2.mubu.com/v3/api/user/phone_login
method: POST
params: {}
data: None
cookies: {}
timeout: 120
allow_redirects: True
verify: False
headers: {
    "sec-ch-ua": "\"Not.A/Brand\";v=\"8\", \"Chromium\";v=\"114\", \"Google Chrome\";v=\"114\"",
    "version": "3.0.0-2.0.0.1934",
    "sec-ch-ua-mobile": "?0",
    "user-agent": "Mozilla/5.0 (Windows NT 10.0; Win64; x64) AppleWebKit/537.36 (KHTML, like Gecko) Chrome/114.0.0.0 Safari/537.36",
    "data-unique-id": "deead2a0-bd7b-4432-9632-3d1dd82cb940",
    "content-type": "application/json;charset=UTF-8",
    "jwt-token": "eyJ0eXAiOiJKV1QiLCJhbGciOiJIUzUxMiJ9.eyJhcHAiOiJtdWJ1Iiwic3ViIjoiMjU0NzY0ODAiLCJsb2dpblR5cGUiOiJtb2JpbGUiLCJleHAiOjE2OTM4MDQwNDksImlhdCI6MTY5MTIxMjA0OX0.JcwAqIV9l1-9gazjGa0Tz0v6JITcR0gfd8Yw6ABu3MF1-G92Hb5wOxq41upa8AVgWxCTy7o_nI_6Zo29kc6Nvw",
    "x-request-id": "63ec7e4a-00a4-4543-b74b-3ebba5c87fe7",
    "sec-ch-ua-platform": "\"Windows\"",
    "sec-fetch-site": "same-site",
    "sec-fetch-mode": "cors",
    "sec-fetch-dest": "empty",
    "HRUN-Request-ID": "HRUN-1b5ce770-ce4e-4d0e-8fde-304a4246abdc-704609"
}
json: {
    "phone": "18245297665",
    "password": "123456lwj",
    "callbackType": 0
}

2023-08-05 13:51:44.648 | DEBUG | 
================== request details ==================
method   : POST
url      : https://api2.mubu.com/v3/api/user/phone_login
headers  : {
    "Content-Length": "0"
}
cookies  : {}
body     : None

2023-08-05 13:51:44.648 | DEBUG | 
================== response details ==================
status_code : 0
headers  : {}
cookies  : {}
encoding : None
content_type : 
body     : 

2023-08-05 13:51:44.648 | ERROR | HTTPSConnectionPool(host='api2.mubu.com', port=443): Max retries exceeded with url: /v3/api/user/phone_login (Caused by ProxyError('Unable to connect to proxy', FileNotFoundError(2, 'No such file or directory')))
2023-08-05 13:51:44.652 | DEBUG | ====== response details ======
status_code: 0
headers: {}
body: None

2023-08-05 13:51:44.652 | ERROR | assert status_code equal 200(int)	==> fail
check_item: status_code
check_value: 0(int)
assert_method: equal
expect_value: 200(int)
2023-08-05 13:51:44.654 | INFO | generate testcase log: F:\pythonȫջ\pythonProject\mubuProject\logs\1b5ce770-ce4e-4d0e-8fde-304a4246abdc.run.log
