2023-08-05 15:18:50.183 | INFO | run step begin: /v3/api/list/create_folder >>>>>>
2023-08-05 15:18:50.185 | DEBUG | ====== request details ======
url: https://api2.mubu.com/v3/api/list/create_folder
method: POST
params: {}
data: None
cookies: {}
timeout: 120
allow_redirects: True
verify: False
headers: {
    "sec-ch-ua": "\"Not.A/Brand\";v=\"8\", \"Chromium\";v=\"114\", \"Google Chrome\";v=\"114\"",
    "version": "3.0.0-2.0.0.1934",
    "sec-ch-ua-mobile": "?0",
    "user-agent": "Mozilla/5.0 (Windows NT 10.0; Win64; x64) AppleWebKit/537.36 (KHTML, like Gecko) Chrome/114.0.0.0 Safari/537.36",
    "data-unique-id": "deead2a0-bd7b-4432-9632-3d1dd82cb940",
    "content-type": "application/json;charset=UTF-8",
    "jwt-token": "eyJ0eXAiOiJKV1QiLCJhbGciOiJIUzUxMiJ9.eyJhcHAiOiJtdWJ1Iiwic3ViIjoiMjU0NzY0ODAiLCJsb2dpblR5cGUiOiJtb2JpbGUiLCJleHAiOjE2OTM4MDU4MTksImlhdCI6MTY5MTIxMzgxOX0.H6jQIQpNU3m0xSvNJ79XwEGuobUR1L125c9bGg8LPgKo2NebAAWE2RrB5iCwE2-iO5fMf0LLlWHteh0g39x5Uw",
    "x-request-id": "64f48213-0d9f-4611-9a21-3f9332949f9d",
    "sec-ch-ua-platform": "\"Windows\"",
    "sec-fetch-site": "same-site",
    "sec-fetch-mode": "cors",
    "sec-fetch-dest": "empty",
    "HRUN-Request-ID": "HRUN-e306029b-8747-4c9e-961b-92b7642514f4-930185"
}
json: {
    "name": "hogwarts-demo",
    "folderId": "0"
}

2023-08-05 15:18:50.542 | DEBUG | client IP: 10.99.54.172, Port: 59011
2023-08-05 15:18:50.542 | DEBUG | server IP: 61.170.77.235, Port: 443
2023-08-05 15:18:50.543 | DEBUG | 
================== request details ==================
method   : POST
url      : https://api2.mubu.com/v3/api/list/create_folder
headers  : {
    "user-agent": "Mozilla/5.0 (Windows NT 10.0; Win64; x64) AppleWebKit/537.36 (KHTML, like Gecko) Chrome/114.0.0.0 Safari/537.36",
    "Accept-Encoding": "gzip, deflate, br",
    "Accept": "*/*",
    "Connection": "keep-alive",
    "sec-ch-ua": "\"Not.A/Brand\";v=\"8\", \"Chromium\";v=\"114\", \"Google Chrome\";v=\"114\"",
    "version": "3.0.0-2.0.0.1934",
    "sec-ch-ua-mobile": "?0",
    "data-unique-id": "deead2a0-bd7b-4432-9632-3d1dd82cb940",
    "content-type": "application/json;charset=UTF-8",
    "jwt-token": "eyJ0eXAiOiJKV1QiLCJhbGciOiJIUzUxMiJ9.eyJhcHAiOiJtdWJ1Iiwic3ViIjoiMjU0NzY0ODAiLCJsb2dpblR5cGUiOiJtb2JpbGUiLCJleHAiOjE2OTM4MDU4MTksImlhdCI6MTY5MTIxMzgxOX0.H6jQIQpNU3m0xSvNJ79XwEGuobUR1L125c9bGg8LPgKo2NebAAWE2RrB5iCwE2-iO5fMf0LLlWHteh0g39x5Uw",
    "x-request-id": "64f48213-0d9f-4611-9a21-3f9332949f9d",
    "sec-ch-ua-platform": "\"Windows\"",
    "sec-fetch-site": "same-site",
    "sec-fetch-mode": "cors",
    "sec-fetch-dest": "empty",
    "HRUN-Request-ID": "HRUN-e306029b-8747-4c9e-961b-92b7642514f4-930185",
    "Content-Length": "42"
}
cookies  : {}
body     : {
    "name": "hogwarts-demo",
    "folderId": "0"
}

2023-08-05 15:18:50.545 | DEBUG | 
================== response details ==================
status_code : 200
headers  : {
    "Server": "Tengine",
    "Content-Type": "application/json;charset=UTF-8",
    "Transfer-Encoding": "chunked",
    "Connection": "keep-alive",
    "Date": "Sat, 05 Aug 2023 07:18:49 GMT",
    "Vary": "Accept-Encoding",
    "Access-Control-Allow-Origin": "*",
    "Access-Control-Allow-Methods": "POST,GET,OPTIONS,DELETE,HEAD,PUT",
    "Access-Control-Max-Age": "86400",
    "Access-Control-Allow-Credentials": "true",
    "Access-Control-Allow-Headers": "X-request-Id,x-requested-with,jwt-token,request-id,member-id,Content-Type,X-FILENAME,data-unique-id,AB-Server-Version,Device-Id,token,Channel-Id,channel,system,platform,Channel-Name,version,mubu-app,mubu-desktop,Checksum,user-agent,Origin,Accept",
    "X-Application-Context": "mubu.biz.openapi:online.cn:9438",
    "X-Tt-Logid": "2023080515184978985F3A5DDA349937BB",
    "X-Agw-Info": "vmnLwXwkAY9C8Ge80T-crEPqrJOS2K1GqUmMNUTQ2ux9Ow0KdkdpE9Fm02stM7ngaUboYrkTWCt20ks7T96qfXiaL-cegDyqYIr0f1zGfMwQhwSYpuc12SdBsUVNCPxA_qVBO2niO4xol3vhoxWMaquIAHEiYWWVesXg",
    "Server-Timing": "inner; dur=15, tt_agw; dur=12, cdn-cache;desc=MISS,edge;dur=34,origin;dur=43",
    "x-tt-trace-host": "01a94f7e863830185d08a67092322549385914f23c57b878efdb17bc8fdcbe06bb5aaacfcdc5a25c976d9c06cd9b2a458774a102422f4140d90ecb3eb3c76e1f4dd724a0fceccf5b9bda6087114b36d9def5a616ede7456b0434a92ee6b8d878f4",
    "x-tt-trace-tag": "id=03;cdn-cache=miss;type=dyn",
    "X-TT-TIMESTAMP": "1691219929.746",
    "Content-Encoding": "br",
    "Via": "cache1.l2et2[43,0], ens-cache30.cn6020[77,0]",
    "Timing-Allow-Origin": "*",
    "EagleId": "3daa4d3216912199297111392e"
}
cookies  : {}
encoding : UTF-8
content_type : application/json;charset=UTF-8
body     : {
    "code": 0,
    "data": {
        "folder": {
            "id": "3UmlSwtGXWw",
            "folderId": "0",
            "name": "hogwarts-demo",
            "userId": 25476480,
            "createTime": 1691219929738,
            "updateTime": 1691219929738,
            "deleted": 0,
            "deleteTime": 0,
            "version": 1691219929738,
            "commitClient": "web",
            "encrypted": 0,
            "stared": 0,
            "starIndex": 0,
            "bgImgId": 0,
            "metaVersion": 1691219929738,
            "folderType": 0
        }
    }
}

2023-08-05 15:18:50.545 | INFO | status_code: 200, response_time(ms): 357.43 ms, response_length: 0 bytes
2023-08-05 15:18:50.546 | DEBUG | ====== response details ======
status_code: 200
headers: {
    "Server": "Tengine",
    "Content-Type": "application/json;charset=UTF-8",
    "Transfer-Encoding": "chunked",
    "Connection": "keep-alive",
    "Date": "Sat, 05 Aug 2023 07:18:49 GMT",
    "Vary": "Accept-Encoding",
    "Access-Control-Allow-Origin": "*",
    "Access-Control-Allow-Methods": "POST,GET,OPTIONS,DELETE,HEAD,PUT",
    "Access-Control-Max-Age": "86400",
    "Access-Control-Allow-Credentials": "true",
    "Access-Control-Allow-Headers": "X-request-Id,x-requested-with,jwt-token,request-id,member-id,Content-Type,X-FILENAME,data-unique-id,AB-Server-Version,Device-Id,token,Channel-Id,channel,system,platform,Channel-Name,version,mubu-app,mubu-desktop,Checksum,user-agent,Origin,Accept",
    "X-Application-Context": "mubu.biz.openapi:online.cn:9438",
    "X-Tt-Logid": "2023080515184978985F3A5DDA349937BB",
    "X-Agw-Info": "vmnLwXwkAY9C8Ge80T-crEPqrJOS2K1GqUmMNUTQ2ux9Ow0KdkdpE9Fm02stM7ngaUboYrkTWCt20ks7T96qfXiaL-cegDyqYIr0f1zGfMwQhwSYpuc12SdBsUVNCPxA_qVBO2niO4xol3vhoxWMaquIAHEiYWWVesXg",
    "Server-Timing": "inner; dur=15, tt_agw; dur=12, cdn-cache;desc=MISS,edge;dur=34,origin;dur=43",
    "x-tt-trace-host": "01a94f7e863830185d08a67092322549385914f23c57b878efdb17bc8fdcbe06bb5aaacfcdc5a25c976d9c06cd9b2a458774a102422f4140d90ecb3eb3c76e1f4dd724a0fceccf5b9bda6087114b36d9def5a616ede7456b0434a92ee6b8d878f4",
    "x-tt-trace-tag": "id=03;cdn-cache=miss;type=dyn",
    "X-TT-TIMESTAMP": "1691219929.746",
    "Content-Encoding": "br",
    "Via": "cache1.l2et2[43,0], ens-cache30.cn6020[77,0]",
    "Timing-Allow-Origin": "*",
    "EagleId": "3daa4d3216912199297111392e"
}
body: {
    "code": 0,
    "data": {
        "folder": {
            "id": "3UmlSwtGXWw",
            "folderId": "0",
            "name": "hogwarts-demo",
            "userId": 25476480,
            "createTime": 1691219929738,
            "updateTime": 1691219929738,
            "deleted": 0,
            "deleteTime": 0,
            "version": 1691219929738,
            "commitClient": "web",
            "encrypted": 0,
            "stared": 0,
            "starIndex": 0,
            "bgImgId": 0,
            "metaVersion": 1691219929738,
            "folderType": 0
        }
    }
}

2023-08-05 15:18:50.547 | INFO | extract mapping: {'folderId': '3UmlSwtGXWw'}
2023-08-05 15:18:50.548 | INFO | assert status_code equal 200(int)	==> pass
2023-08-05 15:18:50.549 | INFO | assert body.code equal 0(int)	==> pass
2023-08-05 15:18:50.550 | INFO | run step end: /v3/api/list/create_folder <<<<<<

2023-08-05 15:18:50.551 | INFO | run step begin: /v3/api/list/item_count >>>>>>
2023-08-05 15:18:50.552 | DEBUG | ====== request details ======
url: https://api2.mubu.com/v3/api/list/item_count
method: POST
params: {}
data: None
cookies: {}
timeout: 120
allow_redirects: True
verify: False
headers: {
    "sec-ch-ua": "\"Not.A/Brand\";v=\"8\", \"Chromium\";v=\"114\", \"Google Chrome\";v=\"114\"",
    "version": "3.0.0-2.0.0.1934",
    "sec-ch-ua-mobile": "?0",
    "user-agent": "Mozilla/5.0 (Windows NT 10.0; Win64; x64) AppleWebKit/537.36 (KHTML, like Gecko) Chrome/114.0.0.0 Safari/537.36",
    "data-unique-id": "deead2a0-bd7b-4432-9632-3d1dd82cb940",
    "content-type": "application/json;charset=UTF-8",
    "jwt-token": "eyJ0eXAiOiJKV1QiLCJhbGciOiJIUzUxMiJ9.eyJhcHAiOiJtdWJ1Iiwic3ViIjoiMjU0NzY0ODAiLCJsb2dpblR5cGUiOiJtb2JpbGUiLCJleHAiOjE2OTM4MDU4MTksImlhdCI6MTY5MTIxMzgxOX0.H6jQIQpNU3m0xSvNJ79XwEGuobUR1L125c9bGg8LPgKo2NebAAWE2RrB5iCwE2-iO5fMf0LLlWHteh0g39x5Uw",
    "x-request-id": "f19b9cd1-599c-474c-8f9e-1180a7012e85",
    "sec-ch-ua-platform": "\"Windows\"",
    "sec-fetch-site": "same-site",
    "sec-fetch-mode": "cors",
    "sec-fetch-dest": "empty",
    "HRUN-Request-ID": "HRUN-e306029b-8747-4c9e-961b-92b7642514f4-930552"
}
json: {
    "folderId": "3UmlSwtGXWw",
    "source": "home"
}

2023-08-05 15:18:50.695 | DEBUG | client IP: 10.99.54.172, Port: 59011
2023-08-05 15:18:50.695 | DEBUG | server IP: 61.170.77.235, Port: 443
2023-08-05 15:18:50.696 | DEBUG | 
================== request details ==================
method   : POST
url      : https://api2.mubu.com/v3/api/list/item_count
headers  : {
    "user-agent": "Mozilla/5.0 (Windows NT 10.0; Win64; x64) AppleWebKit/537.36 (KHTML, like Gecko) Chrome/114.0.0.0 Safari/537.36",
    "Accept-Encoding": "gzip, deflate, br",
    "Accept": "*/*",
    "Connection": "keep-alive",
    "sec-ch-ua": "\"Not.A/Brand\";v=\"8\", \"Chromium\";v=\"114\", \"Google Chrome\";v=\"114\"",
    "version": "3.0.0-2.0.0.1934",
    "sec-ch-ua-mobile": "?0",
    "data-unique-id": "deead2a0-bd7b-4432-9632-3d1dd82cb940",
    "content-type": "application/json;charset=UTF-8",
    "jwt-token": "eyJ0eXAiOiJKV1QiLCJhbGciOiJIUzUxMiJ9.eyJhcHAiOiJtdWJ1Iiwic3ViIjoiMjU0NzY0ODAiLCJsb2dpblR5cGUiOiJtb2JpbGUiLCJleHAiOjE2OTM4MDU4MTksImlhdCI6MTY5MTIxMzgxOX0.H6jQIQpNU3m0xSvNJ79XwEGuobUR1L125c9bGg8LPgKo2NebAAWE2RrB5iCwE2-iO5fMf0LLlWHteh0g39x5Uw",
    "x-request-id": "f19b9cd1-599c-474c-8f9e-1180a7012e85",
    "sec-ch-ua-platform": "\"Windows\"",
    "sec-fetch-site": "same-site",
    "sec-fetch-mode": "cors",
    "sec-fetch-dest": "empty",
    "HRUN-Request-ID": "HRUN-e306029b-8747-4c9e-961b-92b7642514f4-930552",
    "Content-Length": "45"
}
cookies  : {}
body     : {
    "folderId": "3UmlSwtGXWw",
    "source": "home"
}

2023-08-05 15:18:50.710 | DEBUG | 
================== response details ==================
status_code : 200
headers  : {
    "Server": "Tengine",
    "Content-Type": "application/json;charset=UTF-8",
    "Transfer-Encoding": "chunked",
    "Connection": "keep-alive",
    "Date": "Sat, 05 Aug 2023 07:18:49 GMT",
    "Vary": "Accept-Encoding",
    "Access-Control-Allow-Origin": "*",
    "Access-Control-Allow-Methods": "POST,GET,OPTIONS,DELETE,HEAD,PUT",
    "Access-Control-Max-Age": "86400",
    "Access-Control-Allow-Credentials": "true",
    "Access-Control-Allow-Headers": "X-request-Id,x-requested-with,jwt-token,request-id,member-id,Content-Type,X-FILENAME,data-unique-id,AB-Server-Version,Device-Id,token,Channel-Id,channel,system,platform,Channel-Name,version,mubu-app,mubu-desktop,Checksum,user-agent,Origin,Accept",
    "X-Application-Context": "mubu.biz.openapi:online.cn:9261",
    "X-Tt-Logid": "20230805151849381A424CE409FFA36A6D",
    "X-Agw-Info": "BxY8q9otW4dRDwB_TSVuYyj49voLWG_TzfTYmPInN0Zqpd4F8RjGB1nkbvTSfBOFi898zimDuNfkskfGwGm3DhIXY5g_P4QcY3_n5KXS6al-VJruQ9iU5KPZ4keLWFHwQLNQyhKU53w4j2X7d5RskX-mv_1WRYIDluwa",
    "Server-Timing": "inner; dur=15, tt_agw; dur=12, cdn-cache;desc=MISS,edge;dur=15,origin;dur=102",
    "x-tt-trace-host": "01bdc185ba41c18e42b4b46f658bffb868718de79b61b2a837a92ab900fac76da345a1599f4504de56ebafdb0ee93596173fc42c7b367a8671a52dde5b29f44ac9399ce3742f1554b38c741fd29ed5f65ad92a641e7a47b5e165ad2883e6dc7898",
    "x-tt-trace-tag": "id=03;cdn-cache=miss;type=dyn",
    "X-TT-TIMESTAMP": "1691219929.924",
    "Content-Encoding": "br",
    "Via": "cache40.l2et15-7[102,0], ens-cache30.cn6020[117,0]",
    "Timing-Allow-Origin": "*",
    "EagleId": "3daa4d3216912199298322178e"
}
cookies  : {}
encoding : UTF-8
content_type : application/json;charset=UTF-8
body     : {
    "code": 0,
    "data": {
        "folder": {},
        "doc": {}
    }
}

2023-08-05 15:18:50.710 | INFO | status_code: 200, response_time(ms): 141.23 ms, response_length: 0 bytes
2023-08-05 15:18:50.712 | DEBUG | ====== response details ======
status_code: 200
headers: {
    "Server": "Tengine",
    "Content-Type": "application/json;charset=UTF-8",
    "Transfer-Encoding": "chunked",
    "Connection": "keep-alive",
    "Date": "Sat, 05 Aug 2023 07:18:49 GMT",
    "Vary": "Accept-Encoding",
    "Access-Control-Allow-Origin": "*",
    "Access-Control-Allow-Methods": "POST,GET,OPTIONS,DELETE,HEAD,PUT",
    "Access-Control-Max-Age": "86400",
    "Access-Control-Allow-Credentials": "true",
    "Access-Control-Allow-Headers": "X-request-Id,x-requested-with,jwt-token,request-id,member-id,Content-Type,X-FILENAME,data-unique-id,AB-Server-Version,Device-Id,token,Channel-Id,channel,system,platform,Channel-Name,version,mubu-app,mubu-desktop,Checksum,user-agent,Origin,Accept",
    "X-Application-Context": "mubu.biz.openapi:online.cn:9261",
    "X-Tt-Logid": "20230805151849381A424CE409FFA36A6D",
    "X-Agw-Info": "BxY8q9otW4dRDwB_TSVuYyj49voLWG_TzfTYmPInN0Zqpd4F8RjGB1nkbvTSfBOFi898zimDuNfkskfGwGm3DhIXY5g_P4QcY3_n5KXS6al-VJruQ9iU5KPZ4keLWFHwQLNQyhKU53w4j2X7d5RskX-mv_1WRYIDluwa",
    "Server-Timing": "inner; dur=15, tt_agw; dur=12, cdn-cache;desc=MISS,edge;dur=15,origin;dur=102",
    "x-tt-trace-host": "01bdc185ba41c18e42b4b46f658bffb868718de79b61b2a837a92ab900fac76da345a1599f4504de56ebafdb0ee93596173fc42c7b367a8671a52dde5b29f44ac9399ce3742f1554b38c741fd29ed5f65ad92a641e7a47b5e165ad2883e6dc7898",
    "x-tt-trace-tag": "id=03;cdn-cache=miss;type=dyn",
    "X-TT-TIMESTAMP": "1691219929.924",
    "Content-Encoding": "br",
    "Via": "cache40.l2et15-7[102,0], ens-cache30.cn6020[117,0]",
    "Timing-Allow-Origin": "*",
    "EagleId": "3daa4d3216912199298322178e"
}
body: {
    "code": 0,
    "data": {
        "folder": {},
        "doc": {}
    }
}

2023-08-05 15:18:50.712 | INFO | assert status_code equal 200(int)	==> pass
2023-08-05 15:18:50.713 | INFO | assert body.code equal 0(int)	==> pass
2023-08-05 15:18:50.714 | INFO | run step end: /v3/api/list/item_count <<<<<<

2023-08-05 15:18:50.714 | INFO | run step begin: /v3/api/list/create_doc >>>>>>
2023-08-05 15:18:50.715 | DEBUG | ====== request details ======
url: https://api2.mubu.com/v3/api/list/create_doc
method: POST
params: {}
data: None
cookies: {}
timeout: 120
allow_redirects: True
verify: False
headers: {
    "sec-ch-ua": "\"Not.A/Brand\";v=\"8\", \"Chromium\";v=\"114\", \"Google Chrome\";v=\"114\"",
    "version": "3.0.0-2.0.0.1934",
    "sec-ch-ua-mobile": "?0",
    "user-agent": "Mozilla/5.0 (Windows NT 10.0; Win64; x64) AppleWebKit/537.36 (KHTML, like Gecko) Chrome/114.0.0.0 Safari/537.36",
    "data-unique-id": "deead2a0-bd7b-4432-9632-3d1dd82cb940",
    "content-type": "application/json;charset=UTF-8",
    "jwt-token": "eyJ0eXAiOiJKV1QiLCJhbGciOiJIUzUxMiJ9.eyJhcHAiOiJtdWJ1Iiwic3ViIjoiMjU0NzY0ODAiLCJsb2dpblR5cGUiOiJtb2JpbGUiLCJleHAiOjE2OTM4MDU4MTksImlhdCI6MTY5MTIxMzgxOX0.H6jQIQpNU3m0xSvNJ79XwEGuobUR1L125c9bGg8LPgKo2NebAAWE2RrB5iCwE2-iO5fMf0LLlWHteh0g39x5Uw",
    "x-request-id": "f76ebbbd-a49d-441c-bd03-d4949a2da21b",
    "sec-ch-ua-platform": "\"Windows\"",
    "sec-fetch-site": "same-site",
    "sec-fetch-mode": "cors",
    "sec-fetch-dest": "empty",
    "HRUN-Request-ID": "HRUN-e306029b-8747-4c9e-961b-92b7642514f4-930715"
}
json: {
    "folderId": "3UmlSwtGXWw",
    "type": 0
}

2023-08-05 15:18:50.903 | DEBUG | client IP: 10.99.54.172, Port: 59011
2023-08-05 15:18:50.904 | DEBUG | server IP: 61.170.77.235, Port: 443
2023-08-05 15:18:50.904 | DEBUG | 
================== request details ==================
method   : POST
url      : https://api2.mubu.com/v3/api/list/create_doc
headers  : {
    "user-agent": "Mozilla/5.0 (Windows NT 10.0; Win64; x64) AppleWebKit/537.36 (KHTML, like Gecko) Chrome/114.0.0.0 Safari/537.36",
    "Accept-Encoding": "gzip, deflate, br",
    "Accept": "*/*",
    "Connection": "keep-alive",
    "sec-ch-ua": "\"Not.A/Brand\";v=\"8\", \"Chromium\";v=\"114\", \"Google Chrome\";v=\"114\"",
    "version": "3.0.0-2.0.0.1934",
    "sec-ch-ua-mobile": "?0",
    "data-unique-id": "deead2a0-bd7b-4432-9632-3d1dd82cb940",
    "content-type": "application/json;charset=UTF-8",
    "jwt-token": "eyJ0eXAiOiJKV1QiLCJhbGciOiJIUzUxMiJ9.eyJhcHAiOiJtdWJ1Iiwic3ViIjoiMjU0NzY0ODAiLCJsb2dpblR5cGUiOiJtb2JpbGUiLCJleHAiOjE2OTM4MDU4MTksImlhdCI6MTY5MTIxMzgxOX0.H6jQIQpNU3m0xSvNJ79XwEGuobUR1L125c9bGg8LPgKo2NebAAWE2RrB5iCwE2-iO5fMf0LLlWHteh0g39x5Uw",
    "x-request-id": "f76ebbbd-a49d-441c-bd03-d4949a2da21b",
    "sec-ch-ua-platform": "\"Windows\"",
    "sec-fetch-site": "same-site",
    "sec-fetch-mode": "cors",
    "sec-fetch-dest": "empty",
    "HRUN-Request-ID": "HRUN-e306029b-8747-4c9e-961b-92b7642514f4-930715",
    "Content-Length": "38"
}
cookies  : {}
body     : {
    "folderId": "3UmlSwtGXWw",
    "type": 0
}

2023-08-05 15:18:50.915 | DEBUG | 
================== response details ==================
status_code : 200
headers  : {
    "Server": "Tengine",
    "Content-Type": "application/json;charset=UTF-8",
    "Transfer-Encoding": "chunked",
    "Connection": "keep-alive",
    "Date": "Sat, 05 Aug 2023 07:18:50 GMT",
    "Vary": "Accept-Encoding",
    "Access-Control-Allow-Origin": "*",
    "Access-Control-Allow-Methods": "POST,GET,OPTIONS,DELETE,HEAD,PUT",
    "Access-Control-Max-Age": "86400",
    "Access-Control-Allow-Credentials": "true",
    "Access-Control-Allow-Headers": "X-request-Id,x-requested-with,jwt-token,request-id,member-id,Content-Type,X-FILENAME,data-unique-id,AB-Server-Version,Device-Id,token,Channel-Id,channel,system,platform,Channel-Name,version,mubu-app,mubu-desktop,Checksum,user-agent,Origin,Accept",
    "X-Application-Context": "mubu.biz.openapi:online.cn:9438",
    "X-Tt-Logid": "2023080515185086D78E26AACF9197D6C0",
    "X-Agw-Info": "P59XlSVcn-FwKHX7_KzGDEi9CBLgjZHIakpj6za4gA9y-_-G4-IIlanG_dYCVdNyn2LqTF50oESUOpbSecxBUmmv2KTk9aHjOBybo1MxweDO4o51-5tswZyKLhQhjw7Z5I6cbciHrtOaO6lNG8Jmz8p8-J0w3bsvnls=",
    "Server-Timing": "inner; dur=20, tt_agw; dur=18, cdn-cache;desc=MISS,edge;dur=11,origin;dur=48",
    "x-tt-trace-host": "01a94f7e863830185d08a6709232254938624e85a356de69c7e29d5038f5b1af05ecfbe38311219ab77db1ba8ae45e69213270451ec51ab2dff96b14fb98c8006c8a9f328edad523e3a43189e327cbf48a7ed86b13d2a1b17c9eb01d17653fbdb3",
    "x-tt-trace-tag": "id=03;cdn-cache=miss;type=dyn",
    "X-TT-TIMESTAMP": "1691219930.110",
    "Content-Encoding": "br",
    "Via": "cache48.l2et2[48,0], ens-cache30.cn6020[59,0]",
    "Timing-Allow-Origin": "*",
    "EagleId": "3daa4d3216912199300713747e"
}
cookies  : {}
encoding : UTF-8
content_type : application/json;charset=UTF-8
body     : {
    "code": 0,
    "data": {
        "id": "6NzDD1KXsWw"
    }
}

2023-08-05 15:18:50.915 | INFO | status_code: 200, response_time(ms): 187.52 ms, response_length: 0 bytes
2023-08-05 15:18:50.918 | DEBUG | ====== response details ======
status_code: 200
headers: {
    "Server": "Tengine",
    "Content-Type": "application/json;charset=UTF-8",
    "Transfer-Encoding": "chunked",
    "Connection": "keep-alive",
    "Date": "Sat, 05 Aug 2023 07:18:50 GMT",
    "Vary": "Accept-Encoding",
    "Access-Control-Allow-Origin": "*",
    "Access-Control-Allow-Methods": "POST,GET,OPTIONS,DELETE,HEAD,PUT",
    "Access-Control-Max-Age": "86400",
    "Access-Control-Allow-Credentials": "true",
    "Access-Control-Allow-Headers": "X-request-Id,x-requested-with,jwt-token,request-id,member-id,Content-Type,X-FILENAME,data-unique-id,AB-Server-Version,Device-Id,token,Channel-Id,channel,system,platform,Channel-Name,version,mubu-app,mubu-desktop,Checksum,user-agent,Origin,Accept",
    "X-Application-Context": "mubu.biz.openapi:online.cn:9438",
    "X-Tt-Logid": "2023080515185086D78E26AACF9197D6C0",
    "X-Agw-Info": "P59XlSVcn-FwKHX7_KzGDEi9CBLgjZHIakpj6za4gA9y-_-G4-IIlanG_dYCVdNyn2LqTF50oESUOpbSecxBUmmv2KTk9aHjOBybo1MxweDO4o51-5tswZyKLhQhjw7Z5I6cbciHrtOaO6lNG8Jmz8p8-J0w3bsvnls=",
    "Server-Timing": "inner; dur=20, tt_agw; dur=18, cdn-cache;desc=MISS,edge;dur=11,origin;dur=48",
    "x-tt-trace-host": "01a94f7e863830185d08a6709232254938624e85a356de69c7e29d5038f5b1af05ecfbe38311219ab77db1ba8ae45e69213270451ec51ab2dff96b14fb98c8006c8a9f328edad523e3a43189e327cbf48a7ed86b13d2a1b17c9eb01d17653fbdb3",
    "x-tt-trace-tag": "id=03;cdn-cache=miss;type=dyn",
    "X-TT-TIMESTAMP": "1691219930.110",
    "Content-Encoding": "br",
    "Via": "cache48.l2et2[48,0], ens-cache30.cn6020[59,0]",
    "Timing-Allow-Origin": "*",
    "EagleId": "3daa4d3216912199300713747e"
}
body: {
    "code": 0,
    "data": {
        "id": "6NzDD1KXsWw"
    }
}

2023-08-05 15:18:50.918 | INFO | assert status_code equal 200(int)	==> pass
2023-08-05 15:18:50.920 | INFO | assert body.code equal 0(int)	==> pass
2023-08-05 15:18:50.921 | INFO | run step end: /v3/api/list/create_doc <<<<<<

2023-08-05 15:18:50.921 | INFO | generate testcase log: F:\pythonȫջ\pythonProject\mubuProject\logs\e306029b-8747-4c9e-961b-92b7642514f4.run.log
